<?xml version="1.0" encoding="utf-8" ?>
<!DOCTYPE html PUBLIC "-//W3C//DTD XHTML 1.0 Strict//EN"
        "http://www.w3.org/TR/xhtml1/DTD/xhtml1-strict.dtd">
<html xmlns="http://www.w3.org/1999/xhtml" xml:lang="" lang="">
<head>
  <title>Test Results Report - Login Test</title>
  <meta http-equiv="Content-Type" content="text/html;charset=utf-8" />
  <meta name="description" content="TestNG unit test results." />
  <link href="reportng.css" rel="stylesheet" type="text/css" />
    <script type="text/javascript" src="reportng.js"></script>
</head>
<body>
<h1>Login Test</h1>
<p>
  Test duration: 50.847s
</p>



  <table class="resultsTable">
    <tr><th colspan="3" class="header failed">Failed Tests</th></tr>
          <tr>
        <td colspan="3" class="group">com.tutorialsninja.testsuite.LaptopAndNotebooksTest</td>
      </tr>
            
<tr>
  <td class="method">
                  verifyThatUserPlaceOrderSuccessfully
      </td>
  <td class="duration">
    13.969s
  </td>
  <td class="result">
        
    
            <div class="testOutput">
                        Laptop and notebook link&nbsp; [[ChromeDriver: chrome on WINDOWS (e7167a64411431f07b23a173c69172d2)] -&gt; xpath: //div[@class=&apos;collapse navbar-collapse navbar-ex1-collapse&apos;]/ul/li[2]]<br />
                                show all Laptop and notebook link&nbsp; [[ChromeDriver: chrome on WINDOWS (e7167a64411431f07b23a173c69172d2)] -&gt; link text: Show AllLaptops &amp; Notebooks]<br />
                                Price (Low &gt; High) [[ChromeDriver: chrome on WINDOWS (e7167a64411431f07b23a173c69172d2)] -&gt; xpath: //select[@id=&apos;input-sort&apos;]]<br />
                                macbook [[ChromeDriver: chrome on WINDOWS (e7167a64411431f07b23a173c69172d2)] -&gt; xpath: //a[normalize-space()=&apos;MacBook&apos;]]<br />
                                Macbook text[[ChromeDriver: chrome on WINDOWS (e7167a64411431f07b23a173c69172d2)] -&gt; link text: MacBook]<br />
                                Macbook add successfully[[ChromeDriver: chrome on WINDOWS (e7167a64411431f07b23a173c69172d2)] -&gt; xpath: //div[@class=&apos;alert alert-success alert-dismissible&apos;]]<br />
                                Add to shopping cart[[ChromeDriver: chrome on WINDOWS (e7167a64411431f07b23a173c69172d2)] -&gt; xpath: //a[normalize-space()=&apos;shopping cart&apos;]]<br />
                                Shopping cart text [[ChromeDriver: chrome on WINDOWS (e7167a64411431f07b23a173c69172d2)] -&gt; xpath: //h1[contains(text(),&apos;Shopping Cart&apos;)]]<br />
                                Macbook text [[ChromeDriver: chrome on WINDOWS (e7167a64411431f07b23a173c69172d2)] -&gt; link text: MacBook]<br />
                                Update cart [[ChromeDriver: chrome on WINDOWS (e7167a64411431f07b23a173c69172d2)] -&gt; xpath: //button[@type=&apos;submit&apos;]]<br />
                                The Shopping Cart Updated Text is [[ChromeDriver: chrome on WINDOWS (e7167a64411431f07b23a173c69172d2)] -&gt; xpath: //div[@class=&apos;alert alert-success alert-dismissible&apos;]]<br />
                                The price is [[ChromeDriver: chrome on WINDOWS (e7167a64411431f07b23a173c69172d2)] -&gt; xpath: //tbody//tr//td[6]]<br />
                                Click on guest checkout&nbsp; Button [[ChromeDriver: chrome on WINDOWS (e7167a64411431f07b23a173c69172d2)] -&gt; xpath: //a[@class=&apos;btn btn-primary&apos;]]<br />
                                checkout text [[ChromeDriver: chrome on WINDOWS (e7167a64411431f07b23a173c69172d2)] -&gt; link text: Checkout]<br />
                                new customer text [[ChromeDriver: chrome on WINDOWS (e7167a64411431f07b23a173c69172d2)] -&gt; xpath: //h2[contains(text(),&apos;New Customer&apos;)]]<br />
                  </div>
    

        <a href="javascript:toggleElement('exception-0', 'block')" title="Click to expand/collapse"><b>java.lang.AssertionError: error expected [New Customer] but found []</b></a><br />
    <div class="stackTrace" id="exception-0">
              org.testng.Assert.fail(Assert.java:110)<br />
              org.testng.Assert.failNotEquals(Assert.java:1413)<br />
              org.testng.Assert.assertEqualsImpl(Assert.java:149)<br />
              org.testng.Assert.assertEquals(Assert.java:131)<br />
              org.testng.Assert.assertEquals(Assert.java:655)<br />
              com.tutorialsninja.testsuite.LaptopAndNotebooksTest.verifyThatUserPlaceOrderSuccessfully(LaptopAndNotebooksTest.java:51)<br />
              sun.reflect.NativeMethodAccessorImpl.invoke0(Native Method)<br />
              sun.reflect.NativeMethodAccessorImpl.invoke(NativeMethodAccessorImpl.java:62)<br />
              sun.reflect.DelegatingMethodAccessorImpl.invoke(DelegatingMethodAccessorImpl.java:43)<br />
              java.lang.reflect.Method.invoke(Method.java:498)<br />
              org.testng.internal.invokers.MethodInvocationHelper.invokeMethod(MethodInvocationHelper.java:135)<br />
              org.testng.internal.invokers.TestInvoker.invokeMethod(TestInvoker.java:673)<br />
              org.testng.internal.invokers.TestInvoker.invokeTestMethod(TestInvoker.java:220)<br />
              org.testng.internal.invokers.MethodRunner.runInSequence(MethodRunner.java:50)<br />
              org.testng.internal.invokers.TestInvoker$MethodInvocationAgent.invoke(TestInvoker.java:945)<br />
              org.testng.internal.invokers.TestInvoker.invokeTestMethods(TestInvoker.java:193)<br />
              org.testng.internal.invokers.TestMethodWorker.invokeTestMethods(TestMethodWorker.java:146)<br />
              org.testng.internal.invokers.TestMethodWorker.run(TestMethodWorker.java:128)<br />
              java.util.ArrayList.forEach(ArrayList.java:1249)<br />
              org.testng.TestRunner.privateRun(TestRunner.java:808)<br />
              org.testng.TestRunner.run(TestRunner.java:603)<br />
              org.testng.SuiteRunner.runTest(SuiteRunner.java:429)<br />
              org.testng.SuiteRunner.runSequentially(SuiteRunner.java:423)<br />
              org.testng.SuiteRunner.privateRun(SuiteRunner.java:383)<br />
              org.testng.SuiteRunner.run(SuiteRunner.java:326)<br />
              org.testng.SuiteRunnerWorker.runSuite(SuiteRunnerWorker.java:52)<br />
              org.testng.SuiteRunnerWorker.run(SuiteRunnerWorker.java:95)<br />
              org.testng.TestNG.runSuitesSequentially(TestNG.java:1249)<br />
              org.testng.TestNG.runSuitesLocally(TestNG.java:1169)<br />
              org.testng.TestNG.runSuites(TestNG.java:1092)<br />
              org.testng.TestNG.run(TestNG.java:1060)<br />
              com.intellij.rt.testng.IDEARemoteTestNG.run(IDEARemoteTestNG.java:66)<br />
              com.intellij.rt.testng.RemoteTestNGStarter.main(RemoteTestNGStarter.java:109)<br />
                </div>
      </td>
</tr>
      </table>


  <table class="resultsTable">
    <tr><th colspan="3" class="header passed">Passed Tests</th></tr>
          <tr>
        <td colspan="3" class="group">com.tutorialsninja.testsuite.DesktopTest</td>
      </tr>
            
<tr>
  <td class="method">
                  verifyProductArrangeInAlphaBaticalOrder
      </td>
  <td class="duration">
    8.302s
  </td>
  <td class="result">
        
    
            <div class="testOutput">
                        desktop link&nbsp; [[ChromeDriver: chrome on WINDOWS (e2aeccce88bf885ed0c1f2b9156b85c7)] -&gt; xpath: //div[@class=&apos;collapse navbar-collapse navbar-ex1-collapse&apos;]/ul/li[1]]<br />
                                show alldesktop link&nbsp; [[ChromeDriver: chrome on WINDOWS (e2aeccce88bf885ed0c1f2b9156b85c7)] -&gt; link text: Show AllDesktops]<br />
                                Sort By [[ChromeDriver: chrome on WINDOWS (e2aeccce88bf885ed0c1f2b9156b85c7)] -&gt; xpath: //select[@id=&apos;input-sort&apos;]]<br />
                  </div>
    

      </td>
</tr>
          <tr>
        <td colspan="3" class="group">com.tutorialsninja.testsuite.MyAccountTest</td>
      </tr>
            
<tr>
  <td class="method">
                  verifyUserShouldNavigateToRegisterPageSuccessfully
      </td>
  <td class="duration">
    1.516s
  </td>
  <td class="result">
        
    
            <div class="testOutput">
                        Click on My Account Link [[ChromeDriver: chrome on WINDOWS (2f4b444c86a2defa94d1f43e9e82fe5a)] -&gt; xpath: (//span[@class=&apos;hidden-xs hidden-sm hidden-md&apos;])[3]]<br />
                                Click on Register Link [[ChromeDriver: chrome on WINDOWS (2f4b444c86a2defa94d1f43e9e82fe5a)] -&gt; xpath: //a[contains(text(),&apos;Register&apos;)]]<br />
                                Login text [[ChromeDriver: chrome on WINDOWS (2f4b444c86a2defa94d1f43e9e82fe5a)] -&gt; xpath: //h1[contains(text(),&apos;Register Account&apos;)]]<br />
                  </div>
    

      </td>
</tr>
          <tr>
        <td colspan="3" class="group">com.tutorialsninja.testsuite.TopMenuTest</td>
      </tr>
            
<tr>
  <td class="method">
                  verifyUserShouldNavigateToLaptopsAndNotebooksPageSuccessfully
      </td>
  <td class="duration">
    1.334s
  </td>
  <td class="result">
        
    
            <div class="testOutput">
                        Page title [[ChromeDriver: chrome on WINDOWS (12368aca39901170b0a47cd7343a4cf4)] -&gt; xpath: //a[normalize-space()=&apos;MacBook&apos;]]<br />
                  </div>
    

      </td>
</tr>
      </table>
  
</body>
</html>
